TN:
SF:src\characters.js
FN:2,(anonymous_0)
FN:7,(anonymous_1)
FN:11,(anonymous_2)
FN:15,(anonymous_3)
FN:19,(anonymous_4)
FN:23,(anonymous_5)
FN:38,(anonymous_6)
FN:45,(anonymous_7)
FNF:8
FNH:7
FNDA:4,(anonymous_0)
FNDA:4,(anonymous_1)
FNDA:2,(anonymous_2)
FNDA:4,(anonymous_3)
FNDA:0,(anonymous_4)
FNDA:5,(anonymous_5)
FNDA:3,(anonymous_6)
FNDA:1,(anonymous_7)
DA:3,4
DA:4,4
DA:8,4
DA:12,2
DA:16,4
DA:20,0
DA:24,5
DA:25,1
DA:27,4
DA:28,4
DA:30,4
DA:31,2
DA:33,4
DA:39,3
DA:40,3
DA:46,1
DA:47,1
DA:51,1
LF:18
LH:17
BRDA:24,0,0,1
BRDA:24,0,1,4
BRDA:30,1,0,2
BRDA:30,1,1,2
BRF:4
BRH:4
end_of_record
