TN:
SF:src\characters.js
FN:57,(anonymous_0)
FN:62,(anonymous_1)
FN:66,(anonymous_2)
FN:70,(anonymous_3)
FN:74,(anonymous_4)
FN:78,(anonymous_5)
FN:95,(anonymous_6)
FN:102,(anonymous_7)
FNF:8
FNH:5
FNDA:5,(anonymous_0)
FNDA:0,(anonymous_1)
FNDA:3,(anonymous_2)
FNDA:0,(anonymous_3)
FNDA:0,(anonymous_4)
FNDA:8,(anonymous_5)
FNDA:4,(anonymous_6)
FNDA:1,(anonymous_7)
DA:58,5
DA:59,5
DA:63,0
DA:67,3
DA:71,0
DA:75,0
DA:79,8
DA:80,1
DA:83,7
DA:84,7
DA:86,7
DA:87,5
DA:90,7
DA:96,4
DA:97,4
DA:103,1
DA:104,1
DA:108,1
LF:18
LH:15
BRDA:79,0,0,1
BRDA:79,0,1,7
BRDA:86,1,0,5
BRDA:86,1,1,2
BRF:4
BRH:4
end_of_record
